<?xml version="1.0" encoding="UTF-8"?>
<beans xmlns="http://www.springframework.org/schema/beans"
	xmlns:xsi="http://www.w3.org/2001/XMLSchema-instance"
	xmlns:context="http://www.springframework.org/schema/context"
	xmlns:jaxws="http://cxf.apache.org/jaxws"
	xsi:schemaLocation="
	http://www.springframework.org/schema/context
	http://www.springframework.org/schema/context/spring-context.xsd
	http://www.springframework.org/schema/beans http://www.springframework.org/schema/beans/spring-beans.xsd
	http://cxf.apache.org/jaxws http://cxf.apache.org/schemas/jaxws.xsd">

	<import resource="classpath:META-INF/cxf/cxf.xml" />

	<context:component-scan base-package="com.pluralsight.cxfdemo"/>
	
	<bean id="defaultOrdersEndpoint" class="com.pluralsight.cxfdemo.orders.DefaultOrdersEndpoint"></bean>
	
	<jaxws:server id="testOrdersServer"
		address="http://localhost:9000/apache-cxf-jax-ws-demo/services/orders"
		serviceBean="#defaultOrdersEndpoint"
		serviceClass="com.pluralsight.service.orders.Orders">
		<jaxws:inInterceptors>
			<ref bean="logginInInterceptor" />
		</jaxws:inInterceptors>
		
		<jaxws:outInterceptors>
			<ref bean="logginOutInterceptor" />
		</jaxws:outInterceptors>	
	</jaxws:server>
	
	<bean id="logginInInterceptor" class="org.apache.cxf.interceptor.LoggingInInterceptor"></bean>
	<bean id="logginOutInterceptor" class="org.apache.cxf.interceptor.LoggingOutInterceptor"></bean>
	
	<jaxws:client id="testOrdersClient"
		address="http://localhost:9000/apache-cxf-jax-ws-demo/services/orders"
		serviceClass="com.pluralsight.service.orders.Orders">
		<jaxws:inInterceptors>
			<ref bean="logginInInterceptor" />
		</jaxws:inInterceptors>
		
		<jaxws:outInterceptors>
			<ref bean="logginOutInterceptor" />
		</jaxws:outInterceptors>	
	</jaxws:client>
	
</beans>
